********************************************************************************
DUPLICATOR-LITE PACKAGE-LOG: September 26, 2021 7:43 pm
NOTICE: Do NOT post to public sites or forums 
********************************************************************************
VERSION:	1.4.3
WORDPRESS:	5.8
PHP INFO:	8.0.9 | SAPI: apache2handler
SERVER:		Apache/2.4.48 (Win64) OpenSSL/1.1.1k PHP/8.0.9 
PHP TIME LIMIT: (0) no time limit imposed 
PHP MAX MEMORY: 4294967296 (512M default) 
MEMORY STACK: 6MB

********************************************************************************
DATABASE:
********************************************************************************
BUILD MODE:   MYSQLDUMP
MYSQLTIMEOUT: 5000
MYSQLDUMP:    Is Supported
SQL CREATED: 20210926_wcanvas_c4de07d4b17111a93322_20210926194311_database.sql
SQL FILE SIZE: 1.36MB (1424549)
SQL FILE TIME: 2021-09-26 19:43:30
SQL RUNTIME: 1.75 sec.

********************************************************************************
ARCHIVE (ZIP):
********************************************************************************
ARCHIVE DIR:  C:/xampp/htdocs/wordpress/white-canvas-boilerplate
ARCHIVE FILE: 20210926_wcanvas_c4de07d4b17111a93322_20210926194311_archive.zip
FILTERS: *OFF*
DIRS:
	not set
FILES:
	not set
EXTS:  not set
----------------------------------------
COMPRESSING
SIZE:	131.88MB
STATS:	Dirs 536 | Files 4,380
SQL ADDED: 20210926_wcanvas_c4de07d4b17111a93322_20210926194311_database.sql
ZipArchive Object
(
    [lastId] => 4915
    [status] => 0
    [statusSys] => 0
    [numFiles] => 4916
    [filename] => C:\xampp\htdocs\wordpress\white-canvas-boilerplate\wp-content\backups-dup-lite\tmp\20210926_wcanvas_c4de07d4b17111a93322_20210926194311_archive.zip
    [comment] => 
)

FILE ADDED TO ZIP: 4915
COMPRESSION RESULT: '1'
COMPRESSED SIZE: 73.46MB
ARCHIVE RUNTIME: 29.13 sec.
MEMORY STACK: 8MB
building installer
add_extra_files1
add_extra_files2
add_extra_files3
add_extra_files4
Doing archive file check
add_extra_files5
add_extra_files6
add_extra_files8
Successfully opened zip C:/xampp/htdocs/wordpress/white-canvas-boilerplate/wp-content/backups-dup-lite/tmp/20210926_wcanvas_c4de07d4b17111a93322_20210926194311_archive.zip
Adding enhanced installer files to archive using ZipArchive
Installer files added to archive
Added to archive
After ziparchive close when adding installer

********************************************************************************
INTEGRITY CHECKS:
********************************************************************************
SQL FILE: 1.36MB
INSTALLER FILE: 64.26KB
ARCHIVE FILE: 74.45MB 
EXPECTED FILE/DIRECTORY COUNT: 4,916
ACTUAL FILE/DIRECTORY COUNT: 4,915
ARCHIVE CONSISTENCY TEST: Pass

********************************************************************************
RECORD ID:[1]
TOTAL PROCESS RUNTIME: 31.52 sec.
PEAK PHP MEMORY USED: 8MB
DONE PROCESSING => 20210926_wcanvas September 26, 2021 7:44 pm

